Jun 11, 2021 12:38:47 PM org.openqa.selenium.remote.DesiredCapabilities chrome
INFO: Using `new ChromeOptions()` is preferred to `DesiredCapabilities.chrome()`
Jun 11, 2021 12:38:47 PM org.openqa.selenium.remote.DesiredCapabilities chrome
INFO: Using `new ChromeOptions()` is preferred to `DesiredCapabilities.chrome()`
Jun 11, 2021 12:38:47 PM org.openqa.selenium.remote.DesiredCapabilities chrome
INFO: Using `new ChromeOptions()` is preferred to `DesiredCapabilities.chrome()`
Starting ChromeDriver 89.0.4389.23 (61b08ee2c50024bab004e48d2b1b083cdbdStarting Starting ChromeDriver 89.0.4389.23 (61b08ee2c50024bab004e48d2b1b083ChromeDriver 89.0.4389.23 (61b08ee2cac579-refs/branch-heads/4389@{#2cdbdac579-refs/branch-heads/4389@{#29494}) on port 2876
Onl50y local connections }) on port 45063
are allowed.
Please see https://024bab004e48d2b1b083cdbdac579-refs/bchromedriver.chOnromium.org/secraurity-considerations for suggestions on keeping ChromeDriver safe.
ly local connections are allowed.
Please see https://chromedriver.chromium.org/security-considerations for suggestions on keeping ChromeDriver safe.
nch-heads/4389@{#294}) on port 40647
Only local connections are allowed.
Please see https://chromedriver.chromium.org/security-considerations for suggestions on keeping ChromeDriver safe.
ChromeDriver was started successfully.
ChromeDriver was started successfully.
ChromeDriver was started successfully.
org.openqa.selenium.SessionNotCreatedException: session not created: This version of ChromeDriver only supports Chrome version 89
Current browser version is 91.0.4472.101 with binary path /Applications/Google Chrome.app/Contents/MacOS/Google Chrome
Build info: version: '3.141.59', revision: 'e82be7d358', time: '2018-11-14T08:25:48'
System info: host: 'Machruks-MacBook-Pro.local', ip: 'fe80:0:0:0:4be:e926:d805:a58c%en0', os.name: 'Mac OS X', os.arch: 'x86_64', os.version: '10.14.6', java.version: '16'
Driver info: driver.version: ChromeDriver
remote stacktrace: 0   chromedriver.exe                    0x0000000106fceb59 chromedriver.exe + 2595673
1   chromedriver.exe                    0x0000000107682b33 chromedriver.exe + 9624371
2   chromedriver.exe                    0x0000000106d7e773 chromedriver.exe + 169843
3   chromedriver.exe                    0x0000000106da2bf6 chromedriver.exe + 318454
4   chromedriver.exe                    0x0000000106d9edc4 chromedriver.exe + 302532
5   chromedriver.exe                    0x0000000106d9c032 chromedriver.exe + 290866
6   chromedriver.exe                    0x0000000106dcf234 chromedriver.exe + 500276
7   chromedriver.exe                    0x0000000106dca4f3 chromedriver.exe + 480499
8   chromedriver.exe                    0x0000000106da4cd6 chromedriver.exe + 326870
9   chromedriver.exe                    0x0000000106da5ba7 chromedriver.exe + 330663
10  chromedriver.exe                    0x0000000106f9cb09 chromedriver.exe + 2390793
11  chromedriver.exe                    0x0000000106fa9bcc chromedriver.exe + 2444236
12  chromedriver.exe                    0x0000000106fa96ee chromedriver.exe + 2442990
13  chromedriver.exe                    0x0000000106f83832 chromedriver.exe + 2287666
14  chromedriver.exe                    0x0000000106faa63f chromedriver.exe + 2446911
15  chromedriver.exe                    0x0000000106f92299 chromedriver.exe + 2347673
16  chromedriver.exe                    0x0000000106fc18b9 chromedriver.exe + 2541753
17  chromedriver.exe                    0x0000000106fd4008 chromedriver.exe + 2617352
18  libsystem_pthread.dylib             0x00007fff60d632eb _pthread_body + 126
19  libsystem_pthread.dylib             0x00007fff60d66249 _pthread_start + 66
20  libsystem_pthread.dylib             0x00007fff60d6240d thread_start + 13

	at java.base/jdk.internal.reflect.NativeConstructorAccessorImpl.newInstance0(Native Method)
	at java.base/jdk.internal.reflect.NativeConstructorAccessorImpl.newInstance(NativeConstructorAccessorImpl.java:78)
	at java.base/jdk.internal.reflect.DelegatingConstructorAccessorImpl.newInstance(DelegatingConstructorAccessorImpl.java:45)
	at java.base/java.lang.reflect.Constructor.newInstanceWithCaller(Constructor.java:499)
	at java.base/java.lang.reflect.Constructor.newInstance(Constructor.java:480)
	at org.openqa.selenium.remote.W3CHandshakeResponse.lambda$errorHandler$0(W3CHandshakeResponse.java:62)
	at org.openqa.selenium.remote.HandshakeResponse.lambda$getResponseFunction$0(HandshakeResponse.java:30)
	at org.openqa.selenium.remote.ProtocolHandshake.lambda$createSession$0(ProtocolHandshake.java:126)
	at java.base/java.util.stream.ReferencePipeline$3$1.accept(ReferencePipeline.java:197)
	at java.base/java.util.Spliterators$ArraySpliterator.tryAdvance(Spliterators.java:958)
	at java.base/java.util.stream.ReferencePipeline.forEachWithCancel(ReferencePipeline.java:129)
	at java.base/java.util.stream.AbstractPipeline.copyIntoWithCancel(AbstractPipeline.java:502)
	at java.base/java.util.stream.AbstractPipeline.copyInto(AbstractPipeline.java:488)
	at java.base/java.util.stream.AbstractPipeline.wrapAndCopyInto(AbstractPipeline.java:474)
	at java.base/java.util.stream.FindOps$FindOp.evaluateSequential(FindOps.java:150)
	at java.base/java.util.stream.AbstractPipeline.evaluate(AbstractPipeline.java:234)
	at java.base/java.util.stream.ReferencePipeline.findFirst(ReferencePipeline.java:647)
	at org.openqa.selenium.remote.ProtocolHandshake.createSession(ProtocolHandshake.java:128)
	at org.openqa.selenium.remote.ProtocolHandshake.createSession(ProtocolHandshake.java:74)
	at org.openqa.selenium.remote.HttpCommandExecutor.execute(HttpCommandExecutor.java:136)
	at org.openqa.selenium.remote.service.DriverCommandExecutor.execute(DriverCommandExecutor.java:83)
	at org.openqa.selenium.remote.RemoteWebDriver.execute(RemoteWebDriver.java:552)
	at org.openqa.selenium.remote.RemoteWebDriver.startSession(RemoteWebDriver.java:213)
	at org.openqa.selenium.remote.RemoteWebDriver.<init>(RemoteWebDriver.java:131)
	at org.openqa.selenium.chrome.ChromeDriver.<init>(ChromeDriver.java:181)
	at org.openqa.selenium.chrome.ChromeDriver.<init>(ChromeDriver.java:168)
	at com.gsInfo.framework.selenium.WebDriverFactory.getWebDriver(WebDriverFactory.java:99)
	at com.gsInfo.core.CoreScript.initDriver(CoreScript.java:507)
	at com.gsInfo.core.CoreScript.driveTestExecution(CoreScript.java:90)
	at testcases.DashboardOverview.Tc_565_verifyFilterByThisWeek(DashboardOverview.java:33)
	at java.base/jdk.internal.reflect.NativeMethodAccessorImpl.invoke0(Native Method)
	at java.base/jdk.internal.reflect.NativeMethodAccessorImpl.invoke(NativeMethodAccessorImpl.java:78)
	at java.base/jdk.internal.reflect.DelegatingMethodAccessorImpl.invoke(DelegatingMethodAccessorImpl.java:43)
	at java.base/java.lang.reflect.Method.invoke(Method.java:567)
	at org.testng.internal.MethodInvocationHelper.invokeMethod(MethodInvocationHelper.java:124)
	at org.testng.internal.Invoker.invokeMethod(Invoker.java:583)
	at org.testng.internal.Invoker.invokeTestMethod(Invoker.java:719)
	at org.testng.internal.TestMethodWithDataProviderMethodWorker.call(TestMethodWithDataProviderMethodWorker.java:71)
	at org.testng.internal.TestMethodWithDataProviderMethodWorker.call(TestMethodWithDataProviderMethodWorker.java:14)
	at java.base/java.util.concurrent.FutureTask.run(FutureTask.java:264)
	at java.base/java.util.concurrent.Executors$RunnableAdapter.call(Executors.java:515)
	at java.base/java.util.concurrent.FutureTask.run(FutureTask.java:264)
	at java.base/java.util.concurrent.ThreadPoolExecutor.runWorker(ThreadPoolExecutor.java:1130)
	at java.base/java.util.concurrent.ThreadPoolExecutor$Worker.run(ThreadPoolExecutor.java:630)
	at java.base/java.lang.Thread.run(Thread.java:831)
org.openqa.selenium.SessionNotCreatedException: session not created: This version of ChromeDriver only supports Chrome version 89
Current browser version is 91.0.4472.101 with binary path /Applications/Google Chrome.app/Contents/MacOS/Google Chrome
Build info: version: '3.141.59', revision: 'e82be7d358', time: '2018-11-14T08:25:48'
System info: host: 'Machruks-MacBook-Pro.local', ip: 'fe80:0:0:0:4be:e926:d805:a58c%en0', os.name: 'Mac OS X', os.arch: 'x86_64', os.version: '10.14.6', java.version: '16'
Driver info: driver.version: ChromeDriver
remote stacktrace: 0   chromedriver.exe                    0x0000000105c9ab59 chromedriver.exe + 2595673
1   chromedriver.exe                    0x000000010634eb33 chromedriver.exe + 9624371
2   chromedriver.exe                    0x0000000105a4a773 chromedriver.exe + 169843
3   chromedriver.exe                    0x0000000105a6ebf6 chromedriver.exe + 318454
4   chromedriver.exe                    0x0000000105a6adc4 chromedriver.exe + 302532
5   chromedriver.exe                    0x0000000105a68032 chromedriver.exe + 290866
6   chromedriver.exe                    0x0000000105a9b234 chromedriver.exe + 500276
7   chromedriver.exe                    0x0000000105a964f3 chromedriver.exe + 480499
8   chromedriver.exe                    0x0000000105a70cd6 chromedriver.exe + 326870
9   chromedriver.exe                    0x0000000105a71ba7 chromedriver.exe + 330663
10  chromedriver.exe                    0x0000000105c68b09 chromedriver.exe + 2390793
11  chromedriver.exe                    0x0000000105c75bcc chromedriver.exe + 2444236
12  chromedriver.exe                    0x0000000105c756ee chromedriver.exe + 2442990
13  chromedriver.exe                    0x0000000105c4f832 chromedriver.exe + 2287666
14  chromedriver.exe                    0x0000000105c7663f chromedriver.exe + 2446911
15  chromedriver.exe                    0x0000000105c5e299 chromedriver.exe + 2347673
16  chromedriver.exe                    0x0000000105c8d8b9 chromedriver.exe + 2541753
17  chromedriver.exe                    0x0000000105ca0008 chromedriver.exe + 2617352
18  libsystem_pthread.dylib             0x00007fff60d632eb _pthread_body + 126
19  libsystem_pthread.dylib             0x00007fff60d66249 _pthread_start + 66
20  libsystem_pthread.dylib             0x00007fff60d6240d thread_start + 13

	at java.base/jdk.internal.reflect.NativeConstructorAccessorImpl.newInstance0(Native Method)
	at java.base/jdk.internal.reflect.NativeConstructorAccessorImpl.newInstance(NativeConstructorAccessorImpl.java:78)
	at java.base/jdk.internal.reflect.DelegatingConstructorAccessorImpl.newInstance(DelegatingConstructorAccessorImpl.java:45)
	at java.base/java.lang.reflect.Constructor.newInstanceWithCaller(Constructor.java:499)
	at java.base/java.lang.reflect.Constructor.newInstance(Constructor.java:480)
	at org.openqa.selenium.remote.W3CHandshakeResponse.lambda$errorHandler$0(W3CHandshakeResponse.java:62)
	at org.openqa.selenium.remote.HandshakeResponse.lambda$getResponseFunction$0(HandshakeResponse.java:30)
	at org.openqa.selenium.remote.ProtocolHandshake.lambda$createSession$0(ProtocolHandshake.java:126)
	at java.base/java.util.stream.ReferencePipeline$3$1.accept(ReferencePipeline.java:197)
	at java.base/java.util.Spliterators$ArraySpliterator.tryAdvance(Spliterators.java:958)
	at java.base/java.util.stream.ReferencePipeline.forEachWithCancel(ReferencePipeline.java:129)
	at java.base/java.util.stream.AbstractPipeline.copyIntoWithCancel(AbstractPipeline.java:502)
	at java.base/java.util.stream.AbstractPipeline.copyInto(AbstractPipeline.java:488)
	at java.base/java.util.stream.AbstractPipeline.wrapAndCopyInto(AbstractPipeline.java:474)
	at java.base/java.util.stream.FindOps$FindOp.evaluateSequential(FindOps.java:150)
	at java.base/java.util.stream.AbstractPipeline.evaluate(AbstractPipeline.java:234)
	at java.base/java.util.stream.ReferencePipeline.findFirst(ReferencePipeline.java:647)
	at org.openqa.selenium.remote.ProtocolHandshake.createSession(ProtocolHandshake.java:128)
	at org.openqa.selenium.remote.ProtocolHandshake.createSession(ProtocolHandshake.java:74)
	at org.openqa.selenium.remote.HttpCommandExecutor.execute(HttpCommandExecutor.java:136)
	at org.openqa.selenium.remote.service.DriverCommandExecutor.execute(DriverCommandExecutor.java:83)
	at org.openqa.selenium.remote.RemoteWebDriver.execute(RemoteWebDriver.java:552)
	at org.openqa.selenium.remote.RemoteWebDriver.startSession(RemoteWebDriver.java:213)
	at org.openqa.selenium.remote.RemoteWebDriver.<init>(RemoteWebDriver.java:131)
	at org.openqa.selenium.chrome.ChromeDriver.<init>(ChromeDriver.java:181)
	at org.openqa.selenium.chrome.ChromeDriver.<init>(ChromeDriver.java:168)
	at com.gsInfo.framework.selenium.WebDriverFactory.getWebDriver(WebDriverFactory.java:99)
	at com.gsInfo.core.CoreScript.initDriver(CoreScript.java:507)
	at com.gsInfo.core.CoreScript.driveTestExecution(CoreScript.java:90)
	at testcases.DashboardOverview.Tc_565_verifyFilterBy12Months(DashboardOverview.java:96)
	at java.base/jdk.internal.reflect.NativeMethodAccessorImpl.invoke0(Native Method)
	at java.base/jdk.internal.reflect.NativeMethodAccessorImpl.invoke(NativeMethodAccessorImpl.java:78)
	at java.base/jdk.internal.reflect.DelegatingMethodAccessorImpl.invoke(DelegatingMethodAccessorImpl.java:43)
	at java.base/java.lang.reflect.Method.invoke(Method.java:567)
	at org.testng.internal.MethodInvocationHelper.invokeMethod(MethodInvocationHelper.java:124)
	at org.testng.internal.Invoker.invokeMethod(Invoker.java:583)
	at org.testng.internal.Invoker.invokeTestMethod(Invoker.java:719)
	at org.testng.internal.TestMethodWithDataProviderMethodWorker.call(TestMethodWithDataProviderMethodWorker.java:71)
	at org.testng.internal.TestMethodWithDataProviderMethodWorker.call(TestMethodWithDataProviderMethodWorker.java:14)
	at java.base/java.util.concurrent.FutureTask.run(FutureTask.java:264)
	at java.base/java.util.concurrent.Executors$RunnableAdapter.call(Executors.java:515)
	at java.base/java.util.concurrent.FutureTask.run(FutureTask.java:264)
	at java.base/java.util.concurrent.ThreadPoolExecutor.runWorker(ThreadPoolExecutor.java:1130)
	at java.base/java.util.concurrent.ThreadPoolExecutor$Worker.run(ThreadPoolExecutor.java:630)
	at java.base/java.lang.Thread.run(Thread.java:831)
Jun 11, 2021 12:38:52 PM org.openqa.selenium.remote.DesiredCapabilities chrome
INFO: Using `new ChromeOptions()` is preferred to `DesiredCapabilities.chrome()`
Jun 11, 2021 12:38:52 PM org.openqa.selenium.remote.DesiredCapabilities chrome
INFO: Using `new ChromeOptions()` is preferred to `DesiredCapabilities.chrome()`
StStarting ChromeDriver 89.0.4389.23 (61b08ee2c5arting 0024babChromeDrive004e48r 89.0.43d89.23 2b1b083cdb(61b08ee2c50024bab004e4dac579-refs/branch-8d2b1b083cdbdaheadsc579-r/4389@{#294efs/branch-}) on port 13heads/4389@{#294}) on p14or2
Only local connections are allowed.
Pt 3482
Only localle connase seeecti httpsons are allowe://chromedd.
Pleaseriver.chr see httpsomium.or://g/chromedriver.chromium.org/ssecurity-considerationecurity-consideratis for suggestioons forns  suggestions on keeping ChonromeDriver safe.
 keeping ChromeDriver safe.
ChromeDriver was started ChromeDriver was ssuccessfully.
tarted successfully.
org.openqa.selenium.SessionNotCreatedException: session not created: This version of ChromeDriver only supports Chrome version 89
Current browser version is 91.0.4472.101 with binary path /Applications/Google Chrome.app/Contents/MacOS/Google Chrome
Build info: version: '3.141.59', revision: 'e82be7d358', time: '2018-11-14T08:25:48'
System info: host: 'Machruks-MacBook-Pro.local', ip: 'fe80:0:0:0:4be:e926:d805:a58c%en0', os.name: 'Mac OS X', os.arch: 'x86_64', os.version: '10.14.6', java.version: '16'
Driver info: driver.version: ChromeDriver
remote stacktrace: 0   chromedriver.exe                    0x0000000102f4cb59 chromedriver.exe + 2595673
1   chromedriver.exe                    0x0000000103600b33 chromedriver.exe + 9624371
2   chromedriver.exe                    0x0000000102cfc773 chromedriver.exe + 169843
3   chromedriver.exe                    0x0000000102d20bf6 chromedriver.exe + 318454
4   chromedriver.exe                    0x0000000102d1cdc4 chromedriver.exe + 302532
5   chromedriver.exe                    0x0000000102d1a032 chromedriver.exe + 290866
6   chromedriver.exe                    0x0000000102d4d234 chromedriver.exe + 500276
7   chromedriver.exe                    0x0000000102d484f3 chromedriver.exe + 480499
8   chromedriver.exe                    0x0000000102d22cd6 chromedriver.exe + 326870
9   chromedriver.exe                    0x0000000102d23ba7 chromedriver.exe + 330663
10  chromedriver.exe                    0x0000000102f1ab09 chromedriver.exe + 2390793
11  chromedriver.exe                    0x0000000102f27bcc chromedriver.exe + 2444236
12  chromedriver.exe                    0x0000000102f276ee chromedriver.exe + 2442990
13  chromedriver.exe                    0x0000000102f01832 chromedriver.exe + 2287666
14  chromedriver.exe                    0x0000000102f2863f chromedriver.exe + 2446911
15  chromedriver.exe                    0x0000000102f10299 chromedriver.exe + 2347673
16  chromedriver.exe                    0x0000000102f3f8b9 chromedriver.exe + 2541753
17  chromedriver.exe                    0x0000000102f52008 chromedriver.exe + 2617352
18  libsystem_pthread.dylib             0x00007fff60d632eb _pthread_body + 126
19  libsystem_pthread.dylib             0x00007fff60d66249 _pthread_start + 66
20  libsystem_pthread.dylib             0x00007fff60d6240d thread_start + 13

	at java.base/jdk.internal.reflect.NativeConstructorAccessorImpl.newInstance0(Native Method)
	at java.base/jdk.internal.reflect.NativeConstructorAccessorImpl.newInstance(NativeConstructorAccessorImpl.java:78)
	at java.base/jdk.internal.reflect.DelegatingConstructorAccessorImpl.newInstance(DelegatingConstructorAccessorImpl.java:45)
	at java.base/java.lang.reflect.Constructor.newInstanceWithCaller(Constructor.java:499)
	at java.base/java.lang.reflect.Constructor.newInstance(Constructor.java:480)
	at org.openqa.selenium.remote.W3CHandshakeResponse.lambda$errorHandler$0(W3CHandshakeResponse.java:62)
	at org.openqa.selenium.remote.HandshakeResponse.lambda$getResponseFunction$0(HandshakeResponse.java:30)
	at org.openqa.selenium.remote.ProtocolHandshake.lambda$createSession$0(ProtocolHandshake.java:126)
	at java.base/java.util.stream.ReferencePipeline$3$1.accept(ReferencePipeline.java:197)
	at java.base/java.util.Spliterators$ArraySpliterator.tryAdvance(Spliterators.java:958)
	at java.base/java.util.stream.ReferencePipeline.forEachWithCancel(ReferencePipeline.java:129)
	at java.base/java.util.stream.AbstractPipeline.copyIntoWithCancel(AbstractPipeline.java:502)
	at java.base/java.util.stream.AbstractPipeline.copyInto(AbstractPipeline.java:488)
	at java.base/java.util.stream.AbstractPipeline.wrapAndCopyInto(AbstractPipeline.java:474)
	at java.base/java.util.stream.FindOps$FindOp.evaluateSequential(FindOps.java:150)
	at java.base/java.util.stream.AbstractPipeline.evaluate(AbstractPipeline.java:234)
	at java.base/java.util.stream.ReferencePipeline.findFirst(ReferencePipeline.java:647)
	at org.openqa.selenium.remote.ProtocolHandshake.createSession(ProtocolHandshake.java:128)
	at org.openqa.selenium.remote.ProtocolHandshake.createSession(ProtocolHandshake.java:74)
	at org.openqa.selenium.remote.HttpCommandExecutor.execute(HttpCommandExecutor.java:136)
	at org.openqa.selenium.remote.service.DriverCommandExecutor.execute(DriverCommandExecutor.java:83)
	at org.openqa.selenium.remote.RemoteWebDriver.execute(RemoteWebDriver.java:552)
	at org.openqa.selenium.remote.RemoteWebDriver.startSession(RemoteWebDriver.java:213)
	at org.openqa.selenium.remote.RemoteWebDriver.<init>(RemoteWebDriver.java:131)
	at org.openqa.selenium.chrome.ChromeDriver.<init>(ChromeDriver.java:181)
	at org.openqa.selenium.chrome.ChromeDriver.<init>(ChromeDriver.java:168)
	at com.gsInfo.framework.selenium.WebDriverFactory.getWebDriver(WebDriverFactory.java:99)
	at com.gsInfo.core.CoreScript.initDriver(CoreScript.java:507)
	at com.gsInfo.core.CoreScript.driveTestExecution(CoreScript.java:90)
	at testcases.DashboardOverview.Tc_565_verifyFilterByLastWeek(DashboardOverview.java:42)
	at java.base/jdk.internal.reflect.NativeMethodAccessorImpl.invoke0(Native Method)
	at java.base/jdk.internal.reflect.NativeMethodAccessorImpl.invoke(NativeMethodAccessorImpl.java:78)
	at java.base/jdk.internal.reflect.DelegatingMethodAccessorImpl.invoke(DelegatingMethodAccessorImpl.java:43)
	at java.base/java.lang.reflect.Method.invoke(Method.java:567)
	at org.testng.internal.MethodInvocationHelper.invokeMethod(MethodInvocationHelper.java:124)
	at org.testng.internal.Invoker.invokeMethod(Invoker.java:583)
	at org.testng.internal.Invoker.invokeTestMethod(Invoker.java:719)
	at org.testng.internal.TestMethodWithDataProviderMethodWorker.call(TestMethodWithDataProviderMethodWorker.java:71)
	at org.testng.internal.TestMethodWithDataProviderMethodWorker.call(TestMethodWithDataProviderMethodWorker.java:14)
	at java.base/java.util.concurrent.FutureTask.run(FutureTask.java:264)
	at java.base/java.util.concurrent.Executors$RunnableAdapter.call(Executors.java:515)
	at java.base/java.util.concurrent.FutureTask.run(FutureTask.java:264)
	at java.base/java.util.concurrent.ThreadPoolExecutor.runWorker(ThreadPoolExecutor.java:1130)
	at java.base/java.util.concurrent.ThreadPoolExecutor$Worker.run(ThreadPoolExecutor.java:630)
	at java.base/java.lang.Thread.run(Thread.java:831)
Jun 11, 2021 12:38:53 PM org.openqa.selenium.remote.DesiredCapabilities chrome
INFO: Using `new ChromeOptions()` is preferred to `DesiredCapabilities.chrome()`
Starting ChromeDriver 89.0.4389.23 (61b08ee2c50024bab004e48d2b1b083cdbdac579-refs/branch-heads/4389@{#294}) on port 4727
Only local connections are allowed.
Please see https://chromedriver.chromium.org/security-considerations for suggestions on keeping ChromeDriver safe.
ChromeDriver was started successfully.
org.openqa.selenium.SessionNotCreatedException: session not created: This version of ChromeDriver only supports Chrome version 89
Current browser version is 91.0.4472.101 with binary path /Applications/Google Chrome.app/Contents/MacOS/Google Chrome
Build info: version: '3.141.59', revision: 'e82be7d358', time: '2018-11-14T08:25:48'
System info: host: 'Machruks-MacBook-Pro.local', ip: 'fe80:0:0:0:4be:e926:d805:a58c%en0', os.name: 'Mac OS X', os.arch: 'x86_64', os.version: '10.14.6', java.version: '16'
Driver info: driver.version: ChromeDriver
remote stacktrace: 0   chromedriver.exe                    0x0000000108e33b59 chromedriver.exe + 2595673
1   chromedriver.exe                    0x00000001094e7b33 chromedriver.exe + 9624371
2   chromedriver.exe                    0x0000000108be3773 chromedriver.exe + 169843
3   chromedriver.exe                    0x0000000108c07bf6 chromedriver.exe + 318454
4   chromedriver.exe                    0x0000000108c03dc4 chromedriver.exe + 302532
5   chromedriver.exe                    0x0000000108c01032 chromedriver.exe + 290866
6   chromedriver.exe                    0x0000000108c34234 chromedriver.exe + 500276
7   chromedriver.exe                    0x0000000108c2f4f3 chromedriver.exe + 480499
8   chromedriver.exe                    0x0000000108c09cd6 chromedriver.exe + 326870
9   chromedriver.exe                    0x0000000108c0aba7 chromedriver.exe + 330663
10  chromedriver.exe                    0x0000000108e01b09 chromedriver.exe + 2390793
11  chromedriver.exe                    0x0000000108e0ebcc chromedriver.exe + 2444236
12  chromedriver.exe                    0x0000000108e0e6ee chromedriver.exe + 2442990
13  chromedriver.exe                    0x0000000108de8832 chromedriver.exe + 2287666
14  chromedriver.exe                    0x0000000108e0f63f chromedriver.exe + 2446911
15  chromedriver.exe                    0x0000000108df7299 chromedriver.exe + 2347673
16  chromedriver.exe                    0x0000000108e268b9 chromedriver.exe + 2541753
17  chromedriver.exe                    0x0000000108e39008 chromedriver.exe + 2617352
18  libsystem_pthread.dylib             0x00007fff60d632eb _pthread_body + 126
19  libsystem_pthread.dylib             0x00007fff60d66249 _pthread_start + 66
20  libsystem_pthread.dylib             0x00007fff60d6240d thread_start + 13

	at java.base/jdk.internal.reflect.NativeConstructorAccessorImpl.newInstance0(Native Method)
	at java.base/jdk.internal.reflect.NativeConstructorAccessorImpl.newInstance(NativeConstructorAccessorImpl.java:78)
	at java.base/jdk.internal.reflect.DelegatingConstructorAccessorImpl.newInstance(DelegatingConstructorAccessorImpl.java:45)
	at java.base/java.lang.reflect.Constructor.newInstanceWithCaller(Constructor.java:499)
	at java.base/java.lang.reflect.Constructor.newInstance(Constructor.java:480)
	at org.openqa.selenium.remote.W3CHandshakeResponse.lambda$errorHandler$0(W3CHandshakeResponse.java:62)
	at org.openqa.selenium.remote.HandshakeResponse.lambda$getResponseFunction$0(HandshakeResponse.java:30)
	at org.openqa.selenium.remote.ProtocolHandshake.lambda$createSession$0(ProtocolHandshake.java:126)
	at java.base/java.util.stream.ReferencePipeline$3$1.accept(ReferencePipeline.java:197)
	at java.base/java.util.Spliterators$ArraySpliterator.tryAdvance(Spliterators.java:958)
	at java.base/java.util.stream.ReferencePipeline.forEachWithCancel(ReferencePipeline.java:129)
	at java.base/java.util.stream.AbstractPipeline.copyIntoWithCancel(AbstractPipeline.java:502)
	at java.base/java.util.stream.AbstractPipeline.copyInto(AbstractPipeline.java:488)
	at java.base/java.util.stream.AbstractPipeline.wrapAndCopyInto(AbstractPipeline.java:474)
	at java.base/java.util.stream.FindOps$FindOp.evaluateSequential(FindOps.java:150)
	at java.base/java.util.stream.AbstractPipeline.evaluate(AbstractPipeline.java:234)
	at java.base/java.util.stream.ReferencePipeline.findFirst(ReferencePipeline.java:647)
	at org.openqa.selenium.remote.ProtocolHandshake.createSession(ProtocolHandshake.java:128)
	at org.openqa.selenium.remote.ProtocolHandshake.createSession(ProtocolHandshake.java:74)
	at org.openqa.selenium.remote.HttpCommandExecutor.execute(HttpCommandExecutor.java:136)
	at org.openqa.selenium.remote.service.DriverCommandExecutor.execute(DriverCommandExecutor.java:83)
	at org.openqa.selenium.remote.RemoteWebDriver.execute(RemoteWebDriver.java:552)
	at org.openqa.selenium.remote.RemoteWebDriver.startSession(RemoteWebDriver.java:213)
	at org.openqa.selenium.remote.RemoteWebDriver.<init>(RemoteWebDriver.java:131)
	at org.openqa.selenium.chrome.ChromeDriver.<init>(ChromeDriver.java:181)
	at org.openqa.selenium.chrome.ChromeDriver.<init>(ChromeDriver.java:168)
	at com.gsInfo.framework.selenium.WebDriverFactory.getWebDriver(WebDriverFactory.java:99)
	at com.gsInfo.core.CoreScript.initDriver(CoreScript.java:507)
	at com.gsInfo.core.CoreScript.driveTestExecution(CoreScript.java:90)
	at testcases.DashboardOverview.Tc_565_verifyFilterBy30Days(DashboardOverview.java:69)
	at java.base/jdk.internal.reflect.NativeMethodAccessorImpl.invoke0(Native Method)
	at java.base/jdk.internal.reflect.NativeMethodAccessorImpl.invoke(NativeMethodAccessorImpl.java:78)
	at java.base/jdk.internal.reflect.DelegatingMethodAccessorImpl.invoke(DelegatingMethodAccessorImpl.java:43)
	at java.base/java.lang.reflect.Method.invoke(Method.java:567)
	at org.testng.internal.MethodInvocationHelper.invokeMethod(MethodInvocationHelper.java:124)
	at org.testng.internal.Invoker.invokeMethod(Invoker.java:583)
	at org.testng.internal.Invoker.invokeTestMethod(Invoker.java:719)
	at org.testng.internal.TestMethodWithDataProviderMethodWorker.call(TestMethodWithDataProviderMethodWorker.java:71)
	at org.testng.internal.TestMethodWithDataProviderMethodWorker.call(TestMethodWithDataProviderMethodWorker.java:14)
	at java.base/java.util.concurrent.FutureTask.run(FutureTask.java:264)
	at java.base/java.util.concurrent.Executors$RunnableAdapter.call(Executors.java:515)
	at java.base/java.util.concurrent.FutureTask.run(FutureTask.java:264)
	at java.base/java.util.concurrent.ThreadPoolExecutor.runWorker(ThreadPoolExecutor.java:1130)
	at java.base/java.util.concurrent.ThreadPoolExecutor$Worker.run(ThreadPoolExecutor.java:630)
	at java.base/java.lang.Thread.run(Thread.java:831)
Jun 11, 2021 12:38:56 PM org.openqa.selenium.remote.DesiredCapabilities chrome
INFO: Using `new ChromeOptions()` is preferred to `DesiredCapabilities.chrome()`
org.openqa.selenium.SessionNotCreatedException: session not created: This version of ChromeDriver only supports Chrome version 89
Current browser version is 91.0.4472.101 with binary path /Applications/Google Chrome.app/Contents/MacOS/Google Chrome
Build info: version: '3.141.59', revision: 'e82be7d358', time: '2018-11-14T08:25:48'
System info: host: 'Machruks-MacBook-Pro.local', ip: 'fe80:0:0:0:4be:e926:d805:a58c%en0', os.name: 'Mac OS X', os.arch: 'x86_64', os.version: '10.14.6', java.version: '16'
Driver info: driver.version: ChromeDriver
remote stacktrace: 0   chromedriver.exe                    0x00000001088eab59 chromedriver.exe + 2595673
1   chromedriver.exe                    0x0000000108f9eb33 chromedriver.exe + 9624371
2   chromedriver.exe                    0x000000010869a773 chromedriver.exe + 169843
3   chromedriver.exe                    0x00000001086bebf6 chromedriver.exe + 318454
4   chromedriver.exe                    0x00000001086badc4 chromedriver.exe + 302532
5   chromedriver.exe                    0x00000001086b8032 chromedriver.exe + 290866
6   chromedriver.exe                    0x00000001086eb234 chromedriver.exe + 500276
7   chromedriver.exe                    0x00000001086e64f3 chromedriver.exe + 480499
8   chromedriver.exe                    0x00000001086c0cd6 chromedriver.exe + 326870
9   chromedriver.exe                    0x00000001086c1ba7 chromedriver.exe + 330663
10  chromedriver.exe                    0x00000001088b8b09 chromedriver.exe + 2390793
11  chromedriver.exe                    0x00000001088c5bcc chromedriver.exe + 2444236
12  chromedriver.exe                    0x00000001088c56ee chromedriver.exe + 2442990
13  chromedriver.exe                    0x000000010889f832 chromedriver.exe + 2287666
14  chromedriver.exe                    0x00000001088c663f chromedriver.exe + 2446911
15  chromedriver.exe                    0x00000001088ae299 chromedriver.exe + 2347673
16  chromedriver.exe                    0x00000001088dd8b9 chromedriver.exe + 2541753
17  chromedriver.exe                    0x00000001088f0008 chromedriver.exe + 2617352
18  libsystem_pthread.dylib             0x00007fff60d632eb _pthread_body + 126
19  libsystem_pthread.dylib             0x00007fff60d66249 _pthread_start + 66
20  libsystem_pthread.dylib             0x00007fff60d6240d thread_start + 13

	at java.base/jdk.internal.reflect.NativeConstructorAccessorImpl.newInstance0(Native Method)
	at java.base/jdk.internal.reflect.NativeConstructorAccessorImpl.newInstance(NativeConstructorAccessorImpl.java:78)
	at java.base/jdk.internal.reflect.DelegatingConstructorAccessorImpl.newInstance(DelegatingConstructorAccessorImpl.java:45)
	at java.base/java.lang.reflect.Constructor.newInstanceWithCaller(Constructor.java:499)
	at java.base/java.lang.reflect.Constructor.newInstance(Constructor.java:480)
	at org.openqa.selenium.remote.W3CHandshakeResponse.lambda$errorHandler$0(W3CHandshakeResponse.java:62)
	at org.openqa.selenium.remote.HandshakeResponse.lambda$getResponseFunction$0(HandshakeResponse.java:30)
	at org.openqa.selenium.remote.ProtocolHandshake.lambda$createSession$0(ProtocolHandshake.java:126)
	at java.base/java.util.stream.ReferencePipeline$3$1.accept(ReferencePipeline.java:197)
	at java.base/java.util.Spliterators$ArraySpliterator.tryAdvance(Spliterators.java:958)
	at java.base/java.util.stream.ReferencePipeline.forEachWithCancel(ReferencePipeline.java:129)
	at java.base/java.util.stream.AbstractPipeline.copyIntoWithCancel(AbstractPipeline.java:502)
	at java.base/java.util.stream.AbstractPipeline.copyInto(AbstractPipeline.java:488)
	at java.base/java.util.stream.AbstractPipeline.wrapAndCopyInto(AbstractPipeline.java:474)
	at java.base/java.util.stream.FindOps$FindOp.evaluateSequential(FindOps.java:150)
	at java.base/java.util.stream.AbstractPipeline.evaluate(AbstractPipeline.java:234)
	at java.base/java.util.stream.ReferencePipeline.findFirst(ReferencePipeline.java:647)
	at org.openqa.selenium.remote.ProtocolHandshake.createSession(ProtocolHandshake.java:128)
	at org.openqa.selenium.remote.ProtocolHandshake.createSession(ProtocolHandshake.java:74)
	at org.openqa.selenium.remote.HttpCommandExecutor.execute(HttpCommandExecutor.java:136)
	at org.openqa.selenium.remote.service.DriverCommandExecutor.execute(DriverCommandExecutor.java:83)
	at org.openqa.selenium.remote.RemoteWebDriver.execute(RemoteWebDriver.java:552)
	at org.openqa.selenium.remote.RemoteWebDriver.startSession(RemoteWebDriver.java:213)
	at org.openqa.selenium.remote.RemoteWebDriver.<init>(RemoteWebDriver.java:131)
	at org.openqa.selenium.chrome.ChromeDriver.<init>(ChromeDriver.java:181)
	at org.openqa.selenium.chrome.ChromeDriver.<init>(ChromeDriver.java:168)
	at com.gsInfo.framework.selenium.WebDriverFactory.getWebDriver(WebDriverFactory.java:99)
	at com.gsInfo.core.CoreScript.initDriver(CoreScript.java:507)
	at com.gsInfo.core.CoreScript.driveTestExecution(CoreScript.java:90)
	at testcases.DashboardOverview.Tc_565_verifyFilterBy28Days(DashboardOverview.java:60)
	at java.base/jdk.internal.reflect.NativeMethodAccessorImpl.invoke0(Native Method)
	at java.base/jdk.internal.reflect.NativeMethodAccessorImpl.invoke(NativeMethodAccessorImpl.java:78)
	at java.base/jdk.internal.reflect.DelegatingMethodAccessorImpl.invoke(DelegatingMethodAccessorImpl.java:43)
	at java.base/java.lang.reflect.Method.invoke(Method.java:567)
	at org.testng.internal.MethodInvocationHelper.invokeMethod(MethodInvocationHelper.java:124)
	at org.testng.internal.Invoker.invokeMethod(Invoker.java:583)
	at org.testng.internal.Invoker.invokeTestMethod(Invoker.java:719)
	at org.testng.internal.TestMethodWithDataProviderMethodWorker.call(TestMethodWithDataProviderMethodWorker.java:71)
	at org.testng.internal.TestMethodWithDataProviderMethodWorker.call(TestMethodWithDataProviderMethodWorker.java:14)
	at java.base/java.util.concurrent.FutureTask.run(FutureTask.java:264)
	at java.base/java.util.concurrent.Executors$RunnableAdapter.call(Executors.java:515)
	at java.base/java.util.concurrent.FutureTask.run(FutureTask.java:264)
	at java.base/java.util.concurrent.ThreadPoolExecutor.runWorker(ThreadPoolExecutor.java:1130)
	at java.base/java.util.concurrent.ThreadPoolExecutor$Worker.run(ThreadPoolExecutor.java:630)
	at java.base/java.lang.Thread.run(Thread.java:831)
Starting ChromeDriver 89.0.4389.23 (61b08ee2c50024bab004e48d2b1b083cdbdac579-refs/branch-heads/4389@{#294}) on port 42722
Only local connections are allowed.
Please see https://chromedriver.chromium.org/security-considerations for suggestions on keeping ChromeDriver safe.
Jun 11, 2021 12:38:56 PM org.openqa.selenium.remote.DesiredCapabilities chrome
INFO: Using `new ChromeOptions()` is preferred to `DesiredCapabilities.chrome()`
ChromeDriver was started successfully.
Starting ChromeDriver 89.0.4389.23 (61b08ee2c50024bab004e48d2b1b083cdbdac579-refs/branch-heads/4389@{#294}) on port 20511
Only local connections are allowed.
Please see https://chromedriver.chromium.org/security-considerations for suggestions on keeping ChromeDriver safe.
ChromeDriver was started successfully.
org.openqa.selenium.SessionNotCreatedException: session not created: This version of ChromeDriver only supports Chrome version 89
Current browser version is 91.0.4472.101 with binary path /Applications/Google Chrome.app/Contents/MacOS/Google Chrome
Build info: version: '3.141.59', revision: 'e82be7d358', time: '2018-11-14T08:25:48'
System info: host: 'Machruks-MacBook-Pro.local', ip: 'fe80:0:0:0:4be:e926:d805:a58c%en0', os.name: 'Mac OS X', os.arch: 'x86_64', os.version: '10.14.6', java.version: '16'
Driver info: driver.version: ChromeDriver
remote stacktrace: 0   chromedriver.exe                    0x00000001077abb59 chromedriver.exe + 2595673
1   chromedriver.exe                    0x0000000107e5fb33 chromedriver.exe + 9624371
2   chromedriver.exe                    0x000000010755b773 chromedriver.exe + 169843
3   chromedriver.exe                    0x000000010757fbf6 chromedriver.exe + 318454
4   chromedriver.exe                    0x000000010757bdc4 chromedriver.exe + 302532
5   chromedriver.exe                    0x0000000107579032 chromedriver.exe + 290866
6   chromedriver.exe                    0x00000001075ac234 chromedriver.exe + 500276
7   chromedriver.exe                    0x00000001075a74f3 chromedriver.exe + 480499
8   chromedriver.exe                    0x0000000107581cd6 chromedriver.exe + 326870
9   chromedriver.exe                    0x0000000107582ba7 chromedriver.exe + 330663
10  chromedriver.exe                    0x0000000107779b09 chromedriver.exe + 2390793
11  chromedriver.exe                    0x0000000107786bcc chromedriver.exe + 2444236
12  chromedriver.exe                    0x00000001077866ee chromedriver.exe + 2442990
13  chromedriver.exe                    0x0000000107760832 chromedriver.exe + 2287666
14  chromedriver.exe                    0x000000010778763f chromedriver.exe + 2446911
15  chromedriver.exe                    0x000000010776f299 chromedriver.exe + 2347673
16  chromedriver.exe                    0x000000010779e8b9 chromedriver.exe + 2541753
17  chromedriver.exe                    0x00000001077b1008 chromedriver.exe + 2617352
18  libsystem_pthread.dylib             0x00007fff60d632eb _pthread_body + 126
19  libsystem_pthread.dylib             0x00007fff60d66249 _pthread_start + 66
20  libsystem_pthread.dylib             0x00007fff60d6240d thread_start + 13

	at java.base/jdk.internal.reflect.NativeConstructorAccessorImpl.newInstance0(Native Method)
	at java.base/jdk.internal.reflect.NativeConstructorAccessorImpl.newInstance(NativeConstructorAccessorImpl.java:78)
	at java.base/jdk.internal.reflect.DelegatingConstructorAccessorImpl.newInstance(DelegatingConstructorAccessorImpl.java:45)
	at java.base/java.lang.reflect.Constructor.newInstanceWithCaller(Constructor.java:499)
	at java.base/java.lang.reflect.Constructor.newInstance(Constructor.java:480)
	at org.openqa.selenium.remote.W3CHandshakeResponse.lambda$errorHandler$0(W3CHandshakeResponse.java:62)
	at org.openqa.selenium.remote.HandshakeResponse.lambda$getResponseFunction$0(HandshakeResponse.java:30)
	at org.openqa.selenium.remote.ProtocolHandshake.lambda$createSession$0(ProtocolHandshake.java:126)
	at java.base/java.util.stream.ReferencePipeline$3$1.accept(ReferencePipeline.java:197)
	at java.base/java.util.Spliterators$ArraySpliterator.tryAdvance(Spliterators.java:958)
	at java.base/java.util.stream.ReferencePipeline.forEachWithCancel(ReferencePipeline.java:129)
	at java.base/java.util.stream.AbstractPipeline.copyIntoWithCancel(AbstractPipeline.java:502)
	at java.base/java.util.stream.AbstractPipeline.copyInto(AbstractPipeline.java:488)
	at java.base/java.util.stream.AbstractPipeline.wrapAndCopyInto(AbstractPipeline.java:474)
	at java.base/java.util.stream.FindOps$FindOp.evaluateSequential(FindOps.java:150)
	at java.base/java.util.stream.AbstractPipeline.evaluate(AbstractPipeline.java:234)
	at java.base/java.util.stream.ReferencePipeline.findFirst(ReferencePipeline.java:647)
	at org.openqa.selenium.remote.ProtocolHandshake.createSession(ProtocolHandshake.java:128)
	at org.openqa.selenium.remote.ProtocolHandshake.createSession(ProtocolHandshake.java:74)
	at org.openqa.selenium.remote.HttpCommandExecutor.execute(HttpCommandExecutor.java:136)
	at org.openqa.selenium.remote.service.DriverCommandExecutor.execute(DriverCommandExecutor.java:83)
	at org.openqa.selenium.remote.RemoteWebDriver.execute(RemoteWebDriver.java:552)
	at org.openqa.selenium.remote.RemoteWebDriver.startSession(RemoteWebDriver.java:213)
	at org.openqa.selenium.remote.RemoteWebDriver.<init>(RemoteWebDriver.java:131)
	at org.openqa.selenium.chrome.ChromeDriver.<init>(ChromeDriver.java:181)
	at org.openqa.selenium.chrome.ChromeDriver.<init>(ChromeDriver.java:168)
	at com.gsInfo.framework.selenium.WebDriverFactory.getWebDriver(WebDriverFactory.java:99)
	at com.gsInfo.core.CoreScript.initDriver(CoreScript.java:507)
	at com.gsInfo.core.CoreScript.driveTestExecution(CoreScript.java:90)
	at testcases.DashboardOverview.Tc_565_verifyFilterBy7Days(DashboardOverview.java:51)
	at java.base/jdk.internal.reflect.NativeMethodAccessorImpl.invoke0(Native Method)
	at java.base/jdk.internal.reflect.NativeMethodAccessorImpl.invoke(NativeMethodAccessorImpl.java:78)
	at java.base/jdk.internal.reflect.DelegatingMethodAccessorImpl.invoke(DelegatingMethodAccessorImpl.java:43)
	at java.base/java.lang.reflect.Method.invoke(Method.java:567)
	at org.testng.internal.MethodInvocationHelper.invokeMethod(MethodInvocationHelper.java:124)
	at org.testng.internal.Invoker.invokeMethod(Invoker.java:583)
	at org.testng.internal.Invoker.invokeTestMethod(Invoker.java:719)
	at org.testng.internal.TestMethodWithDataProviderMethodWorker.call(TestMethodWithDataProviderMethodWorker.java:71)
	at org.testng.internal.TestMethodWithDataProviderMethodWorker.call(TestMethodWithDataProviderMethodWorker.java:14)
	at java.base/java.util.concurrent.FutureTask.run(FutureTask.java:264)
	at java.base/java.util.concurrent.Executors$RunnableAdapter.call(Executors.java:515)
	at java.base/java.util.concurrent.FutureTask.run(FutureTask.java:264)
	at java.base/java.util.concurrent.ThreadPoolExecutor.runWorker(ThreadPoolExecutor.java:1130)
	at java.base/java.util.concurrent.ThreadPoolExecutor$Worker.run(ThreadPoolExecutor.java:630)
	at java.base/java.lang.Thread.run(Thread.java:831)
Jun 11, 2021 12:38:56 PM org.openqa.selenium.remote.DesiredCapabilities chrome
INFO: Using `new ChromeOptions()` is preferred to `DesiredCapabilities.chrome()`
Starting ChromeDriver 89.0.4389.23 (61b08ee2c50024bab004e48d2b1b083cdbdac579-refs/branch-heads/4389@{#294}) on port 36062
Only local connections are allowed.
Please see https://chromedriver.chromium.org/security-considerations for suggestions on keeping ChromeDriver safe.
ChromeDriver was started successfully.
org.openqa.selenium.SessionNotCreatedException: session not created: This version of ChromeDriver only supports Chrome version 89
Current browser version is 91.0.4472.101 with binary path /Applications/Google Chrome.app/Contents/MacOS/Google Chrome
Build info: version: '3.141.59', revision: 'e82be7d358', time: '2018-11-14T08:25:48'
System info: host: 'Machruks-MacBook-Pro.local', ip: 'fe80:0:0:0:4be:e926:d805:a58c%en0', os.name: 'Mac OS X', os.arch: 'x86_64', os.version: '10.14.6', java.version: '16'
Driver info: driver.version: ChromeDriver
remote stacktrace: 0   chromedriver.exe                    0x0000000108d9db59 chromedriver.exe + 2595673
1   chromedriver.exe                    0x0000000109451b33 chromedriver.exe + 9624371
2   chromedriver.exe                    0x0000000108b4d773 chromedriver.exe + 169843
3   chromedriver.exe                    0x0000000108b71bf6 chromedriver.exe + 318454
4   chromedriver.exe                    0x0000000108b6ddc4 chromedriver.exe + 302532
5   chromedriver.exe                    0x0000000108b6b032 chromedriver.exe + 290866
6   chromedriver.exe                    0x0000000108b9e234 chromedriver.exe + 500276
7   chromedriver.exe                    0x0000000108b994f3 chromedriver.exe + 480499
8   chromedriver.exe                    0x0000000108b73cd6 chromedriver.exe + 326870
9   chromedriver.exe                    0x0000000108b74ba7 chromedriver.exe + 330663
10  chromedriver.exe                    0x0000000108d6bb09 chromedriver.exe + 2390793
11  chromedriver.exe                    0x0000000108d78bcc chromedriver.exe + 2444236
12  chromedriver.exe                    0x0000000108d786ee chromedriver.exe + 2442990
13  chromedriver.exe                    0x0000000108d52832 chromedriver.exe + 2287666
14  chromedriver.exe                    0x0000000108d7963f chromedriver.exe + 2446911
15  chromedriver.exe                    0x0000000108d61299 chromedriver.exe + 2347673
16  chromedriver.exe                    0x0000000108d908b9 chromedriver.exe + 2541753
17  chromedriver.exe                    0x0000000108da3008 chromedriver.exe + 2617352
18  libsystem_pthread.dylib             0x00007fff60d632eb _pthread_body + 126
19  libsystem_pthread.dylib             0x00007fff60d66249 _pthread_start + 66
20  libsystem_pthread.dylib             0x00007fff60d6240d thread_start + 13

	at java.base/jdk.internal.reflect.NativeConstructorAccessorImpl.newInstance0(Native Method)
	at java.base/jdk.internal.reflect.NativeConstructorAccessorImpl.newInstance(NativeConstructorAccessorImpl.java:78)
	at java.base/jdk.internal.reflect.DelegatingConstructorAccessorImpl.newInstance(DelegatingConstructorAccessorImpl.java:45)
	at java.base/java.lang.reflect.Constructor.newInstanceWithCaller(Constructor.java:499)
	at java.base/java.lang.reflect.Constructor.newInstance(Constructor.java:480)
	at org.openqa.selenium.remote.W3CHandshakeResponse.lambda$errorHandler$0(W3CHandshakeResponse.java:62)
	at org.openqa.selenium.remote.HandshakeResponse.lambda$getResponseFunction$0(HandshakeResponse.java:30)
	at org.openqa.selenium.remote.ProtocolHandshake.lambda$createSession$0(ProtocolHandshake.java:126)
	at java.base/java.util.stream.ReferencePipeline$3$1.accept(ReferencePipeline.java:197)
	at java.base/java.util.Spliterators$ArraySpliterator.tryAdvance(Spliterators.java:958)
	at java.base/java.util.stream.ReferencePipeline.forEachWithCancel(ReferencePipeline.java:129)
	at java.base/java.util.stream.AbstractPipeline.copyIntoWithCancel(AbstractPipeline.java:502)
	at java.base/java.util.stream.AbstractPipeline.copyInto(AbstractPipeline.java:488)
	at java.base/java.util.stream.AbstractPipeline.wrapAndCopyInto(AbstractPipeline.java:474)
	at java.base/java.util.stream.FindOps$FindOp.evaluateSequential(FindOps.java:150)
	at java.base/java.util.stream.AbstractPipeline.evaluate(AbstractPipeline.java:234)
	at java.base/java.util.stream.ReferencePipeline.findFirst(ReferencePipeline.java:647)
	at org.openqa.selenium.remote.ProtocolHandshake.createSession(ProtocolHandshake.java:128)
	at org.openqa.selenium.remote.ProtocolHandshake.createSession(ProtocolHandshake.java:74)
	at org.openqa.selenium.remote.HttpCommandExecutor.execute(HttpCommandExecutor.java:136)
	at org.openqa.selenium.remote.service.DriverCommandExecutor.execute(DriverCommandExecutor.java:83)
	at org.openqa.selenium.remote.RemoteWebDriver.execute(RemoteWebDriver.java:552)
	at org.openqa.selenium.remote.RemoteWebDriver.startSession(RemoteWebDriver.java:213)
	at org.openqa.selenium.remote.RemoteWebDriver.<init>(RemoteWebDriver.java:131)
	at org.openqa.selenium.chrome.ChromeDriver.<init>(ChromeDriver.java:181)
	at org.openqa.selenium.chrome.ChromeDriver.<init>(ChromeDriver.java:168)
	at com.gsInfo.framework.selenium.WebDriverFactory.getWebDriver(WebDriverFactory.java:99)
	at com.gsInfo.core.CoreScript.initDriver(CoreScript.java:507)
	at com.gsInfo.core.CoreScript.driveTestExecution(CoreScript.java:90)
	at testcases.DashboardOverview.Tc_565_verifyFilterBy6Months(DashboardOverview.java:87)
	at java.base/jdk.internal.reflect.NativeMethodAccessorImpl.invoke0(Native Method)
	at java.base/jdk.internal.reflect.NativeMethodAccessorImpl.invoke(NativeMethodAccessorImpl.java:78)
	at java.base/jdk.internal.reflect.DelegatingMethodAccessorImpl.invoke(DelegatingMethodAccessorImpl.java:43)
	at java.base/java.lang.reflect.Method.invoke(Method.java:567)
	at org.testng.internal.MethodInvocationHelper.invokeMethod(MethodInvocationHelper.java:124)
	at org.testng.internal.Invoker.invokeMethod(Invoker.java:583)
	at org.testng.internal.Invoker.invokeTestMethod(Invoker.java:719)
	at org.testng.internal.TestMethodWithDataProviderMethodWorker.call(TestMethodWithDataProviderMethodWorker.java:71)
	at org.testng.internal.TestMethodWithDataProviderMethodWorker.call(TestMethodWithDataProviderMethodWorker.java:14)
	at java.base/java.util.concurrent.FutureTask.run(FutureTask.java:264)
	at java.base/java.util.concurrent.Executors$RunnableAdapter.call(Executors.java:515)
	at java.base/java.util.concurrent.FutureTask.run(FutureTask.java:264)
	at java.base/java.util.concurrent.ThreadPoolExecutor.runWorker(ThreadPoolExecutor.java:1130)
	at java.base/java.util.concurrent.ThreadPoolExecutor$Worker.run(ThreadPoolExecutor.java:630)
	at java.base/java.lang.Thread.run(Thread.java:831)
org.openqa.selenium.SessionNotCreatedException: session not created: This version of ChromeDriver only supports Chrome version 89
Current browser version is 91.0.4472.101 with binary path /Applications/Google Chrome.app/Contents/MacOS/Google Chrome
Build info: version: '3.141.59', revision: 'e82be7d358', time: '2018-11-14T08:25:48'
System info: host: 'Machruks-MacBook-Pro.local', ip: 'fe80:0:0:0:4be:e926:d805:a58c%en0', os.name: 'Mac OS X', os.arch: 'x86_64', os.version: '10.14.6', java.version: '16'
Driver info: driver.version: ChromeDriver
remote stacktrace: 0   chromedriver.exe                    0x000000010e1d6b59 chromedriver.exe + 2595673
1   chromedriver.exe                    0x000000010e88ab33 chromedriver.exe + 9624371
2   chromedriver.exe                    0x000000010df86773 chromedriver.exe + 169843
3   chromedriver.exe                    0x000000010dfaabf6 chromedriver.exe + 318454
4   chromedriver.exe                    0x000000010dfa6dc4 chromedriver.exe + 302532
5   chromedriver.exe                    0x000000010dfa4032 chromedriver.exe + 290866
6   chromedriver.exe                    0x000000010dfd7234 chromedriver.exe + 500276
7   chromedriver.exe                    0x000000010dfd24f3 chromedriver.exe + 480499
8   chromedriver.exe                    0x000000010dfaccd6 chromedriver.exe + 326870
9   chromedriver.exe                    0x000000010dfadba7 chromedriver.exe + 330663
10  chromedriver.exe                    0x000000010e1a4b09 chromedriver.exe + 2390793
11  chromedriver.exe                    0x000000010e1b1bcc chromedriver.exe + 2444236
12  chromedriver.exe                    0x000000010e1b16ee chromedriver.exe + 2442990
13  chromedriver.exe                    0x000000010e18b832 chromedriver.exe + 2287666
14  chromedriver.exe                    0x000000010e1b263f chromedriver.exe + 2446911
15  chromedriver.exe                    0x000000010e19a299 chromedriver.exe + 2347673
16  chromedriver.exe                    0x000000010e1c98b9 chromedriver.exe + 2541753
17  chromedriver.exe                    0x000000010e1dc008 chromedriver.exe + 2617352
18  libsystem_pthread.dylib             0x00007fff60d632eb _pthread_body + 126
19  libsystem_pthread.dylib             0x00007fff60d66249 _pthread_start + 66
20  libsystem_pthread.dylib             0x00007fff60d6240d thread_start + 13

	at java.base/jdk.internal.reflect.NativeConstructorAccessorImpl.newInstance0(Native Method)
	at java.base/jdk.internal.reflect.NativeConstructorAccessorImpl.newInstance(NativeConstructorAccessorImpl.java:78)
	at java.base/jdk.internal.reflect.DelegatingConstructorAccessorImpl.newInstance(DelegatingConstructorAccessorImpl.java:45)
	at java.base/java.lang.reflect.Constructor.newInstanceWithCaller(Constructor.java:499)
	at java.base/java.lang.reflect.Constructor.newInstance(Constructor.java:480)
	at org.openqa.selenium.remote.W3CHandshakeResponse.lambda$errorHandler$0(W3CHandshakeResponse.java:62)
	at org.openqa.selenium.remote.HandshakeResponse.lambda$getResponseFunction$0(HandshakeResponse.java:30)
	at org.openqa.selenium.remote.ProtocolHandshake.lambda$createSession$0(ProtocolHandshake.java:126)
	at java.base/java.util.stream.ReferencePipeline$3$1.accept(ReferencePipeline.java:197)
	at java.base/java.util.Spliterators$ArraySpliterator.tryAdvance(Spliterators.java:958)
	at java.base/java.util.stream.ReferencePipeline.forEachWithCancel(ReferencePipeline.java:129)
	at java.base/java.util.stream.AbstractPipeline.copyIntoWithCancel(AbstractPipeline.java:502)
	at java.base/java.util.stream.AbstractPipeline.copyInto(AbstractPipeline.java:488)
	at java.base/java.util.stream.AbstractPipeline.wrapAndCopyInto(AbstractPipeline.java:474)
	at java.base/java.util.stream.FindOps$FindOp.evaluateSequential(FindOps.java:150)
	at java.base/java.util.stream.AbstractPipeline.evaluate(AbstractPipeline.java:234)
	at java.base/java.util.stream.ReferencePipeline.findFirst(ReferencePipeline.java:647)
	at org.openqa.selenium.remote.ProtocolHandshake.createSession(ProtocolHandshake.java:128)
	at org.openqa.selenium.remote.ProtocolHandshake.createSession(ProtocolHandshake.java:74)
	at org.openqa.selenium.remote.HttpCommandExecutor.execute(HttpCommandExecutor.java:136)
	at org.openqa.selenium.remote.service.DriverCommandExecutor.execute(DriverCommandExecutor.java:83)
	at org.openqa.selenium.remote.RemoteWebDriver.execute(RemoteWebDriver.java:552)
	at org.openqa.selenium.remote.RemoteWebDriver.startSession(RemoteWebDriver.java:213)
	at org.openqa.selenium.remote.RemoteWebDriver.<init>(RemoteWebDriver.java:131)
	at org.openqa.selenium.chrome.ChromeDriver.<init>(ChromeDriver.java:181)
	at org.openqa.selenium.chrome.ChromeDriver.<init>(ChromeDriver.java:168)
	at com.gsInfo.framework.selenium.WebDriverFactory.getWebDriver(WebDriverFactory.java:99)
	at com.gsInfo.core.CoreScript.initDriver(CoreScript.java:507)
	at com.gsInfo.core.CoreScript.driveTestExecution(CoreScript.java:90)
	at testcases.DashboardOverview.Tc_565_verifyFilterByLastYear(DashboardOverview.java:105)
	at java.base/jdk.internal.reflect.NativeMethodAccessorImpl.invoke0(Native Method)
	at java.base/jdk.internal.reflect.NativeMethodAccessorImpl.invoke(NativeMethodAccessorImpl.java:78)
	at java.base/jdk.internal.reflect.DelegatingMethodAccessorImpl.invoke(DelegatingMethodAccessorImpl.java:43)
	at java.base/java.lang.reflect.Method.invoke(Method.java:567)
	at org.testng.internal.MethodInvocationHelper.invokeMethod(MethodInvocationHelper.java:124)
	at org.testng.internal.Invoker.invokeMethod(Invoker.java:583)
	at org.testng.internal.Invoker.invokeTestMethod(Invoker.java:719)
	at org.testng.internal.TestMethodWithDataProviderMethodWorker.call(TestMethodWithDataProviderMethodWorker.java:71)
	at org.testng.internal.TestMethodWithDataProviderMethodWorker.call(TestMethodWithDataProviderMethodWorker.java:14)
	at java.base/java.util.concurrent.FutureTask.run(FutureTask.java:264)
	at java.base/java.util.concurrent.Executors$RunnableAdapter.call(Executors.java:515)
	at java.base/java.util.concurrent.FutureTask.run(FutureTask.java:264)
	at java.base/java.util.concurrent.ThreadPoolExecutor.runWorker(ThreadPoolExecutor.java:1130)
	at java.base/java.util.concurrent.ThreadPoolExecutor$Worker.run(ThreadPoolExecutor.java:630)
	at java.base/java.lang.Thread.run(Thread.java:831)
org.openqa.selenium.SessionNotCreatedException: session not created: This version of ChromeDriver only supports Chrome version 89
Current browser version is 91.0.4472.101 with binary path /Applications/Google Chrome.app/Contents/MacOS/Google Chrome
Build info: version: '3.141.59', revision: 'e82be7d358', time: '2018-11-14T08:25:48'
System info: host: 'Machruks-MacBook-Pro.local', ip: 'fe80:0:0:0:4be:e926:d805:a58c%en0', os.name: 'Mac OS X', os.arch: 'x86_64', os.version: '10.14.6', java.version: '16'
Driver info: driver.version: ChromeDriver
remote stacktrace: 0   chromedriver.exe                    0x0000000103c99b59 chromedriver.exe + 2595673
1   chromedriver.exe                    0x000000010434db33 chromedriver.exe + 9624371
2   chromedriver.exe                    0x0000000103a49773 chromedriver.exe + 169843
3   chromedriver.exe                    0x0000000103a6dbf6 chromedriver.exe + 318454
4   chromedriver.exe                    0x0000000103a69dc4 chromedriver.exe + 302532
5   chromedriver.exe                    0x0000000103a67032 chromedriver.exe + 290866
6   chromedriver.exe                    0x0000000103a9a234 chromedriver.exe + 500276
7   chromedriver.exe                    0x0000000103a954f3 chromedriver.exe + 480499
8   chromedriver.exe                    0x0000000103a6fcd6 chromedriver.exe + 326870
9   chromedriver.exe                    0x0000000103a70ba7 chromedriver.exe + 330663
10  chromedriver.exe                    0x0000000103c67b09 chromedriver.exe + 2390793
11  chromedriver.exe                    0x0000000103c74bcc chromedriver.exe + 2444236
12  chromedriver.exe                    0x0000000103c746ee chromedriver.exe + 2442990
13  chromedriver.exe                    0x0000000103c4e832 chromedriver.exe + 2287666
14  chromedriver.exe                    0x0000000103c7563f chromedriver.exe + 2446911
15  chromedriver.exe                    0x0000000103c5d299 chromedriver.exe + 2347673
16  chromedriver.exe                    0x0000000103c8c8b9 chromedriver.exe + 2541753
17  chromedriver.exe                    0x0000000103c9f008 chromedriver.exe + 2617352
18  libsystem_pthread.dylib             0x00007fff60d632eb _pthread_body + 126
19  libsystem_pthread.dylib             0x00007fff60d66249 _pthread_start + 66
20  libsystem_pthread.dylib             0x00007fff60d6240d thread_start + 13

	at java.base/jdk.internal.reflect.NativeConstructorAccessorImpl.newInstance0(Native Method)
	at java.base/jdk.internal.reflect.NativeConstructorAccessorImpl.newInstance(NativeConstructorAccessorImpl.java:78)
	at java.base/jdk.internal.reflect.DelegatingConstructorAccessorImpl.newInstance(DelegatingConstructorAccessorImpl.java:45)
	at java.base/java.lang.reflect.Constructor.newInstanceWithCaller(Constructor.java:499)
	at java.base/java.lang.reflect.Constructor.newInstance(Constructor.java:480)
	at org.openqa.selenium.remote.W3CHandshakeResponse.lambda$errorHandler$0(W3CHandshakeResponse.java:62)
	at org.openqa.selenium.remote.HandshakeResponse.lambda$getResponseFunction$0(HandshakeResponse.java:30)
	at org.openqa.selenium.remote.ProtocolHandshake.lambda$createSession$0(ProtocolHandshake.java:126)
	at java.base/java.util.stream.ReferencePipeline$3$1.accept(ReferencePipeline.java:197)
	at java.base/java.util.Spliterators$ArraySpliterator.tryAdvance(Spliterators.java:958)
	at java.base/java.util.stream.ReferencePipeline.forEachWithCancel(ReferencePipeline.java:129)
	at java.base/java.util.stream.AbstractPipeline.copyIntoWithCancel(AbstractPipeline.java:502)
	at java.base/java.util.stream.AbstractPipeline.copyInto(AbstractPipeline.java:488)
	at java.base/java.util.stream.AbstractPipeline.wrapAndCopyInto(AbstractPipeline.java:474)
	at java.base/java.util.stream.FindOps$FindOp.evaluateSequential(FindOps.java:150)
	at java.base/java.util.stream.AbstractPipeline.evaluate(AbstractPipeline.java:234)
	at java.base/java.util.stream.ReferencePipeline.findFirst(ReferencePipeline.java:647)
	at org.openqa.selenium.remote.ProtocolHandshake.createSession(ProtocolHandshake.java:128)
	at org.openqa.selenium.remote.ProtocolHandshake.createSession(ProtocolHandshake.java:74)
	at org.openqa.selenium.remote.HttpCommandExecutor.execute(HttpCommandExecutor.java:136)
	at org.openqa.selenium.remote.service.DriverCommandExecutor.execute(DriverCommandExecutor.java:83)
	at org.openqa.selenium.remote.RemoteWebDriver.execute(RemoteWebDriver.java:552)
	at org.openqa.selenium.remote.RemoteWebDriver.startSession(RemoteWebDriver.java:213)
	at org.openqa.selenium.remote.RemoteWebDriver.<init>(RemoteWebDriver.java:131)
	at org.openqa.selenium.chrome.ChromeDriver.<init>(ChromeDriver.java:181)
	at org.openqa.selenium.chrome.ChromeDriver.<init>(ChromeDriver.java:168)
	at com.gsInfo.framework.selenium.WebDriverFactory.getWebDriver(WebDriverFactory.java:99)
	at com.gsInfo.core.CoreScript.initDriver(CoreScript.java:507)
	at com.gsInfo.core.CoreScript.driveTestExecution(CoreScript.java:90)
	at testcases.DashboardOverview.Tc_565_verifyFilterBy90Days(DashboardOverview.java:78)
	at java.base/jdk.internal.reflect.NativeMethodAccessorImpl.invoke0(Native Method)
	at java.base/jdk.internal.reflect.NativeMethodAccessorImpl.invoke(NativeMethodAccessorImpl.java:78)
	at java.base/jdk.internal.reflect.DelegatingMethodAccessorImpl.invoke(DelegatingMethodAccessorImpl.java:43)
	at java.base/java.lang.reflect.Method.invoke(Method.java:567)
	at org.testng.internal.MethodInvocationHelper.invokeMethod(MethodInvocationHelper.java:124)
	at org.testng.internal.Invoker.invokeMethod(Invoker.java:583)
	at org.testng.internal.Invoker.invokeTestMethod(Invoker.java:719)
	at org.testng.internal.TestMethodWithDataProviderMethodWorker.call(TestMethodWithDataProviderMethodWorker.java:71)
	at org.testng.internal.TestMethodWithDataProviderMethodWorker.call(TestMethodWithDataProviderMethodWorker.java:14)
	at java.base/java.util.concurrent.FutureTask.run(FutureTask.java:264)
	at java.base/java.util.concurrent.Executors$RunnableAdapter.call(Executors.java:515)
	at java.base/java.util.concurrent.FutureTask.run(FutureTask.java:264)
	at java.base/java.util.concurrent.ThreadPoolExecutor.runWorker(ThreadPoolExecutor.java:1130)
	at java.base/java.util.concurrent.ThreadPoolExecutor$Worker.run(ThreadPoolExecutor.java:630)
	at java.base/java.lang.Thread.run(Thread.java:831)
java.io.FileNotFoundException: Source '/Users/machruk/Nimbly/local-java-selenium-automation/test-output/testng.css' does not exist
	at org.apache.commons.io.FileUtils.checkFileRequirements(FileUtils.java:1383)
	at org.apache.commons.io.FileUtils.copyFile(FileUtils.java:1060)
	at org.apache.commons.io.FileUtils.copyFileToDirectory(FileUtils.java:1000)
	at org.apache.commons.io.FileUtils.copyFileToDirectory(FileUtils.java:961)
	at com.gsInfo.framework.selenium.ResultSummaryManager.wrapUp(ResultSummaryManager.java:278)
	at com.gsInfo.core.BaseTestCase.tearDownTestSuite(BaseTestCase.java:181)
	at java.base/jdk.internal.reflect.NativeMethodAccessorImpl.invoke0(Native Method)
	at java.base/jdk.internal.reflect.NativeMethodAccessorImpl.invoke(NativeMethodAccessorImpl.java:78)
	at java.base/jdk.internal.reflect.DelegatingMethodAccessorImpl.invoke(DelegatingMethodAccessorImpl.java:43)
	at java.base/java.lang.reflect.Method.invoke(Method.java:567)
	at org.testng.internal.MethodInvocationHelper.invokeMethod(MethodInvocationHelper.java:124)
	at org.testng.internal.MethodInvocationHelper.invokeMethodConsideringTimeout(MethodInvocationHelper.java:59)
	at org.testng.internal.Invoker.invokeConfigurationMethod(Invoker.java:458)
	at org.testng.internal.Invoker.invokeConfigurations(Invoker.java:222)
	at org.testng.internal.Invoker.invokeConfigurations(Invoker.java:142)
	at org.testng.SuiteRunner.privateRun(SuiteRunner.java:425)
	at org.testng.SuiteRunner.run(SuiteRunner.java:364)
	at org.testng.SuiteRunnerWorker.runSuite(SuiteRunnerWorker.java:52)
	at org.testng.SuiteRunnerWorker.run(SuiteRunnerWorker.java:84)
	at org.testng.TestNG.runSuitesSequentially(TestNG.java:1208)
	at org.testng.TestNG.runSuitesLocally(TestNG.java:1137)
	at org.testng.TestNG.runSuites(TestNG.java:1049)
	at org.testng.TestNG.run(TestNG.java:1017)
	at com.intellij.rt.testng.IDEARemoteTestNG.run(IDEARemoteTestNG.java:66)
	at com.intellij.rt.testng.RemoteTestNGStarter.main(RemoteTestNGStarter.java:109)
