Jun 04, 2021 9:39:39 AM org.openqa.selenium.remote.DesiredCapabilities chrome
INFO: Using `new ChromeOptions()` is preferred to `DesiredCapabilities.chrome()`
Starting ChromeDriver 89.0.4389.23 (61b08ee2c50024bab004e48d2b1b083cdbdac579-refs/branch-heads/4389@{#294}) on port 7067
Only local connections are allowed.
Please see https://chromedriver.chromium.org/security-considerations for suggestions on keeping ChromeDriver safe.
ChromeDriver was started successfully.
org.openqa.selenium.SessionNotCreatedException: session not created: This version of ChromeDriver only supports Chrome version 89
Current browser version is 91.0.4472.77 with binary path /Applications/Google Chrome.app/Contents/MacOS/Google Chrome
Build info: version: '3.141.59', revision: 'e82be7d358', time: '2018-11-14T08:25:48'
System info: host: 'Machruks-MacBook-Pro.local', ip: 'fe80:0:0:0:4be:e926:d805:a58c%en0', os.name: 'Mac OS X', os.arch: 'x86_64', os.version: '10.14.6', java.version: '16'
Driver info: driver.version: ChromeDriver
remote stacktrace: 0   chromedriver.exe                    0x000000010c7dbb59 chromedriver.exe + 2595673
1   chromedriver.exe                    0x000000010ce8fb33 chromedriver.exe + 9624371
2   chromedriver.exe                    0x000000010c58b773 chromedriver.exe + 169843
3   chromedriver.exe                    0x000000010c5afbf6 chromedriver.exe + 318454
4   chromedriver.exe                    0x000000010c5abdc4 chromedriver.exe + 302532
5   chromedriver.exe                    0x000000010c5a9032 chromedriver.exe + 290866
6   chromedriver.exe                    0x000000010c5dc234 chromedriver.exe + 500276
7   chromedriver.exe                    0x000000010c5d74f3 chromedriver.exe + 480499
8   chromedriver.exe                    0x000000010c5b1cd6 chromedriver.exe + 326870
9   chromedriver.exe                    0x000000010c5b2ba7 chromedriver.exe + 330663
10  chromedriver.exe                    0x000000010c7a9b09 chromedriver.exe + 2390793
11  chromedriver.exe                    0x000000010c7b6bcc chromedriver.exe + 2444236
12  chromedriver.exe                    0x000000010c7b66ee chromedriver.exe + 2442990
13  chromedriver.exe                    0x000000010c790832 chromedriver.exe + 2287666
14  chromedriver.exe                    0x000000010c7b763f chromedriver.exe + 2446911
15  chromedriver.exe                    0x000000010c79f299 chromedriver.exe + 2347673
16  chromedriver.exe                    0x000000010c7ce8b9 chromedriver.exe + 2541753
17  chromedriver.exe                    0x000000010c7e1008 chromedriver.exe + 2617352
18  libsystem_pthread.dylib             0x00007fff60d632eb _pthread_body + 126
19  libsystem_pthread.dylib             0x00007fff60d66249 _pthread_start + 66
20  libsystem_pthread.dylib             0x00007fff60d6240d thread_start + 13

	at java.base/jdk.internal.reflect.NativeConstructorAccessorImpl.newInstance0(Native Method)
	at java.base/jdk.internal.reflect.NativeConstructorAccessorImpl.newInstance(NativeConstructorAccessorImpl.java:78)
	at java.base/jdk.internal.reflect.DelegatingConstructorAccessorImpl.newInstance(DelegatingConstructorAccessorImpl.java:45)
	at java.base/java.lang.reflect.Constructor.newInstanceWithCaller(Constructor.java:499)
	at java.base/java.lang.reflect.Constructor.newInstance(Constructor.java:480)
	at org.openqa.selenium.remote.W3CHandshakeResponse.lambda$errorHandler$0(W3CHandshakeResponse.java:62)
	at org.openqa.selenium.remote.HandshakeResponse.lambda$getResponseFunction$0(HandshakeResponse.java:30)
	at org.openqa.selenium.remote.ProtocolHandshake.lambda$createSession$0(ProtocolHandshake.java:126)
	at java.base/java.util.stream.ReferencePipeline$3$1.accept(ReferencePipeline.java:197)
	at java.base/java.util.Spliterators$ArraySpliterator.tryAdvance(Spliterators.java:958)
	at java.base/java.util.stream.ReferencePipeline.forEachWithCancel(ReferencePipeline.java:129)
	at java.base/java.util.stream.AbstractPipeline.copyIntoWithCancel(AbstractPipeline.java:502)
	at java.base/java.util.stream.AbstractPipeline.copyInto(AbstractPipeline.java:488)
	at java.base/java.util.stream.AbstractPipeline.wrapAndCopyInto(AbstractPipeline.java:474)
	at java.base/java.util.stream.FindOps$FindOp.evaluateSequential(FindOps.java:150)
	at java.base/java.util.stream.AbstractPipeline.evaluate(AbstractPipeline.java:234)
	at java.base/java.util.stream.ReferencePipeline.findFirst(ReferencePipeline.java:647)
	at org.openqa.selenium.remote.ProtocolHandshake.createSession(ProtocolHandshake.java:128)
	at org.openqa.selenium.remote.ProtocolHandshake.createSession(ProtocolHandshake.java:74)
	at org.openqa.selenium.remote.HttpCommandExecutor.execute(HttpCommandExecutor.java:136)
	at org.openqa.selenium.remote.service.DriverCommandExecutor.execute(DriverCommandExecutor.java:83)
	at org.openqa.selenium.remote.RemoteWebDriver.execute(RemoteWebDriver.java:552)
	at org.openqa.selenium.remote.RemoteWebDriver.startSession(RemoteWebDriver.java:213)
	at org.openqa.selenium.remote.RemoteWebDriver.<init>(RemoteWebDriver.java:131)
	at org.openqa.selenium.chrome.ChromeDriver.<init>(ChromeDriver.java:181)
	at org.openqa.selenium.chrome.ChromeDriver.<init>(ChromeDriver.java:168)
	at com.gsInfo.framework.selenium.WebDriverFactory.getWebDriver(WebDriverFactory.java:99)
	at com.gsInfo.core.CoreScript.initDriver(CoreScript.java:507)
	at com.gsInfo.core.CoreScript.driveTestExecution(CoreScript.java:90)
	at testcases.WebAdmin.Tc_1176_newPromSpecDate(WebAdmin.java:99)
	at java.base/jdk.internal.reflect.NativeMethodAccessorImpl.invoke0(Native Method)
	at java.base/jdk.internal.reflect.NativeMethodAccessorImpl.invoke(NativeMethodAccessorImpl.java:78)
	at java.base/jdk.internal.reflect.DelegatingMethodAccessorImpl.invoke(DelegatingMethodAccessorImpl.java:43)
	at java.base/java.lang.reflect.Method.invoke(Method.java:567)
	at org.testng.internal.MethodInvocationHelper.invokeMethod(MethodInvocationHelper.java:124)
	at org.testng.internal.Invoker.invokeMethod(Invoker.java:583)
	at org.testng.internal.Invoker.invokeTestMethod(Invoker.java:719)
	at org.testng.internal.TestMethodWithDataProviderMethodWorker.call(TestMethodWithDataProviderMethodWorker.java:71)
	at org.testng.internal.TestMethodWithDataProviderMethodWorker.call(TestMethodWithDataProviderMethodWorker.java:14)
	at java.base/java.util.concurrent.FutureTask.run(FutureTask.java:264)
	at java.base/java.util.concurrent.Executors$RunnableAdapter.call(Executors.java:515)
	at java.base/java.util.concurrent.FutureTask.run(FutureTask.java:264)
	at java.base/java.util.concurrent.ThreadPoolExecutor.runWorker(ThreadPoolExecutor.java:1130)
	at java.base/java.util.concurrent.ThreadPoolExecutor$Worker.run(ThreadPoolExecutor.java:630)
	at java.base/java.lang.Thread.run(Thread.java:831)
java.io.FileNotFoundException: Source '/Users/machruk/Nimbly/local-java-selenium-automation/test-output/testng.css' does not exist
	at org.apache.commons.io.FileUtils.checkFileRequirements(FileUtils.java:1383)
	at org.apache.commons.io.FileUtils.copyFile(FileUtils.java:1060)
	at org.apache.commons.io.FileUtils.copyFileToDirectory(FileUtils.java:1000)
	at org.apache.commons.io.FileUtils.copyFileToDirectory(FileUtils.java:961)
	at com.gsInfo.framework.selenium.ResultSummaryManager.wrapUp(ResultSummaryManager.java:278)
	at com.gsInfo.core.BaseTestCase.tearDownTestSuite(BaseTestCase.java:181)
	at java.base/jdk.internal.reflect.NativeMethodAccessorImpl.invoke0(Native Method)
	at java.base/jdk.internal.reflect.NativeMethodAccessorImpl.invoke(NativeMethodAccessorImpl.java:78)
	at java.base/jdk.internal.reflect.DelegatingMethodAccessorImpl.invoke(DelegatingMethodAccessorImpl.java:43)
	at java.base/java.lang.reflect.Method.invoke(Method.java:567)
	at org.testng.internal.MethodInvocationHelper.invokeMethod(MethodInvocationHelper.java:124)
	at org.testng.internal.MethodInvocationHelper.invokeMethodConsideringTimeout(MethodInvocationHelper.java:59)
	at org.testng.internal.Invoker.invokeConfigurationMethod(Invoker.java:458)
	at org.testng.internal.Invoker.invokeConfigurations(Invoker.java:222)
	at org.testng.internal.Invoker.invokeConfigurations(Invoker.java:142)
	at org.testng.SuiteRunner.privateRun(SuiteRunner.java:425)
	at org.testng.SuiteRunner.run(SuiteRunner.java:364)
	at org.testng.SuiteRunnerWorker.runSuite(SuiteRunnerWorker.java:52)
	at org.testng.SuiteRunnerWorker.run(SuiteRunnerWorker.java:84)
	at org.testng.TestNG.runSuitesSequentially(TestNG.java:1208)
	at org.testng.TestNG.runSuitesLocally(TestNG.java:1137)
	at org.testng.TestNG.runSuites(TestNG.java:1049)
	at org.testng.TestNG.run(TestNG.java:1017)
	at com.intellij.rt.testng.IDEARemoteTestNG.run(IDEARemoteTestNG.java:66)
	at com.intellij.rt.testng.RemoteTestNGStarter.main(RemoteTestNGStarter.java:109)
